app/build/intermediates/manifest_merge_blame_file/debug/manifest-merger-blame-debug-report.txt
1<?xml version="1.0" encoding="utf-8"?>
2<manifest xmlns:android="http://schemas.android.com/apk/res/android"
3    package="com.cis626.chat"
4    android:versionCode="4"
5    android:versionName="4.0" >
6
7    <uses-sdk
8        android:minSdkVersion="23"
9        android:targetSdkVersion="29" />
10
11    <uses-permission android:name="android.permission.INTERNET" />
11-->src\main\AndroidManifest.xml:5:5-67
11-->src\main\AndroidManifest.xml:5:22-64
12    <uses-permission android:name="android.permission.ACCESS_NETWORK_STATE" />
12-->src\main\AndroidManifest.xml:6:5-79
12-->src\main\AndroidManifest.xml:6:22-76
13    <uses-permission android:name="android.permission.READ_EXTERNAL_STORAGE" />
13-->src\main\AndroidManifest.xml:7:5-80
13-->src\main\AndroidManifest.xml:7:22-77
14    <uses-permission android:name="android.permission.VIBRATE" />
14-->src\main\AndroidManifest.xml:8:5-66
14-->src\main\AndroidManifest.xml:8:22-63
15    <uses-permission android:name="android.permission.READ_CONTACTS" />
15-->src\main\AndroidManifest.xml:9:5-72
15-->src\main\AndroidManifest.xml:9:22-69
16    <uses-permission android:name="android.permission.POST_NOTIFICATIONS" />
16-->[com.google.firebase:firebase-messaging:23.3.1] AndroidManifest.xml:23:5-77
16-->[com.google.firebase:firebase-messaging:23.3.1] AndroidManifest.xml:23:22-74
17    <uses-permission android:name="android.permission.WAKE_LOCK" /> <!-- Required by older versions of Google Play services to create IID tokens -->
17-->[com.google.firebase:firebase-messaging:23.3.1] AndroidManifest.xml:24:5-68
17-->[com.google.firebase:firebase-messaging:23.3.1] AndroidManifest.xml:24:22-65
18    <uses-permission android:name="com.google.android.c2dm.permission.RECEIVE" />
18-->[com.google.firebase:firebase-messaging:23.3.1] AndroidManifest.xml:26:5-82
18-->[com.google.firebase:firebase-messaging:23.3.1] AndroidManifest.xml:26:22-79
19    <uses-permission android:name="com.google.android.gms.permission.AD_ID" />
19-->[com.google.android.gms:play-services-measurement-api:21.5.0] AndroidManifest.xml:25:5-79
19-->[com.google.android.gms:play-services-measurement-api:21.5.0] AndroidManifest.xml:25:22-76
20    <uses-permission android:name="android.permission.ACCESS_ADSERVICES_ATTRIBUTION" />
20-->[com.google.android.gms:play-services-measurement-api:21.5.0] AndroidManifest.xml:26:5-88
20-->[com.google.android.gms:play-services-measurement-api:21.5.0] AndroidManifest.xml:26:22-85
21    <uses-permission android:name="android.permission.ACCESS_ADSERVICES_AD_ID" />
21-->[com.google.android.gms:play-services-measurement-api:21.5.0] AndroidManifest.xml:27:5-82
21-->[com.google.android.gms:play-services-measurement-api:21.5.0] AndroidManifest.xml:27:22-79
22    <uses-permission android:name="com.google.android.finsky.permission.BIND_GET_INSTALL_REFERRER_SERVICE" />
22-->[com.google.android.gms:play-services-measurement:21.5.0] AndroidManifest.xml:26:5-110
22-->[com.google.android.gms:play-services-measurement:21.5.0] AndroidManifest.xml:26:22-107
23
24    <permission
24-->[androidx.core:core:1.9.0] AndroidManifest.xml:22:5-24:47
25        android:name="com.cis626.chat.DYNAMIC_RECEIVER_NOT_EXPORTED_PERMISSION"
25-->[androidx.core:core:1.9.0] AndroidManifest.xml:23:9-81
26        android:protectionLevel="signature" />
26-->[androidx.core:core:1.9.0] AndroidManifest.xml:24:9-44
27
28    <uses-permission android:name="com.cis626.chat.DYNAMIC_RECEIVER_NOT_EXPORTED_PERMISSION" />
28-->[androidx.core:core:1.9.0] AndroidManifest.xml:26:5-97
28-->[androidx.core:core:1.9.0] AndroidManifest.xml:26:22-94
29
30    <application
30-->src\main\AndroidManifest.xml:12:5-52:19
31        android:name="com.android.messenger.MyApplication"
31-->src\main\AndroidManifest.xml:13:9-38
32        android:allowBackup="true"
32-->src\main\AndroidManifest.xml:14:9-35
33        android:appComponentFactory="androidx.core.app.CoreComponentFactory"
33-->[androidx.core:core:1.9.0] AndroidManifest.xml:28:18-86
34        android:debuggable="true"
35        android:extractNativeLibs="false"
36        android:icon="@mipmap/ic_launcher"
36-->src\main\AndroidManifest.xml:15:9-43
37        android:label="@string/app_name"
37-->src\main\AndroidManifest.xml:16:9-41
38        android:roundIcon="@mipmap/ic_launcher_round"
38-->src\main\AndroidManifest.xml:17:9-54
39        android:supportsRtl="true"
39-->src\main\AndroidManifest.xml:18:9-35
40        android:testOnly="true"
41        android:theme="@style/AppTheme" >
41-->src\main\AndroidManifest.xml:19:9-40
42        <activity android:name="com.android.messenger.Activites.MessageDeleteTime" />
42-->src\main\AndroidManifest.xml:20:9-74
42-->src\main\AndroidManifest.xml:20:19-62
43        <activity android:name="com.android.messenger.Activites.GroupChat" />
43-->src\main\AndroidManifest.xml:21:9-57
43-->src\main\AndroidManifest.xml:21:19-54
44        <activity android:name="com.android.messenger.Activites.NewGroup" />
44-->src\main\AndroidManifest.xml:22:9-56
44-->src\main\AndroidManifest.xml:22:19-53
45        <activity
45-->src\main\AndroidManifest.xml:23:9-25:52
46            android:name="com.android.messenger.Activites.Chat"
46-->src\main\AndroidManifest.xml:24:13-43
47            android:screenOrientation="portrait" />
47-->src\main\AndroidManifest.xml:25:13-49
48        <activity
48-->src\main\AndroidManifest.xml:26:9-28:52
49            android:name="com.android.messenger.Activites.NewChat"
49-->src\main\AndroidManifest.xml:27:13-46
50            android:screenOrientation="portrait" />
50-->src\main\AndroidManifest.xml:28:13-49
51        <activity
51-->src\main\AndroidManifest.xml:29:9-31:52
52            android:name="com.android.messenger.Activites.Username"
52-->src\main\AndroidManifest.xml:30:13-47
53            android:screenOrientation="portrait" />
53-->src\main\AndroidManifest.xml:31:13-49
54        <activity
54-->src\main\AndroidManifest.xml:32:9-35:57
55            android:name="com.android.messenger.Activites.Dashboard"
55-->src\main\AndroidManifest.xml:33:13-48
56            android:screenOrientation="portrait"
56-->src\main\AndroidManifest.xml:34:13-49
57            android:windowSoftInputMode="stateHidden" />
57-->src\main\AndroidManifest.xml:35:13-54
58        <activity
58-->src\main\AndroidManifest.xml:36:9-38:52
59            android:name="com.android.messenger.Activites.Register"
59-->src\main\AndroidManifest.xml:37:13-47
60            android:screenOrientation="portrait" />
60-->src\main\AndroidManifest.xml:38:13-49
61        <activity
61-->src\main\AndroidManifest.xml:39:9-47:20
62            android:name="com.android.messenger.Activites.Splash"
62-->src\main\AndroidManifest.xml:40:13-45
63            android:screenOrientation="portrait" >
63-->src\main\AndroidManifest.xml:41:13-49
64            <intent-filter>
64-->src\main\AndroidManifest.xml:42:13-46:29
65                <action android:name="android.intent.action.MAIN" />
65-->src\main\AndroidManifest.xml:43:17-69
65-->src\main\AndroidManifest.xml:43:25-66
66
67                <category android:name="android.intent.category.LAUNCHER" />
67-->src\main\AndroidManifest.xml:45:17-77
67-->src\main\AndroidManifest.xml:45:27-74
68            </intent-filter>
69        </activity>
70
71        <meta-data
71-->src\main\AndroidManifest.xml:49:9-51:57
72            android:name="preloaded_fonts"
72-->src\main\AndroidManifest.xml:50:13-43
73            android:resource="@array/preloaded_fonts" />
73-->src\main\AndroidManifest.xml:51:13-54
74        <meta-data
74-->[com.firebaseui:firebase-ui-auth:7.0.0] AndroidManifest.xml:16:9-18:69
75            android:name="com.google.android.gms.version"
75-->[com.firebaseui:firebase-ui-auth:7.0.0] AndroidManifest.xml:17:13-58
76            android:value="@integer/google_play_services_version" />
76-->[com.firebaseui:firebase-ui-auth:7.0.0] AndroidManifest.xml:18:13-66
77        <meta-data
77-->[com.firebaseui:firebase-ui-auth:7.0.0] AndroidManifest.xml:19:9-21:63
78            android:name="com.facebook.sdk.ApplicationId"
78-->[com.firebaseui:firebase-ui-auth:7.0.0] AndroidManifest.xml:20:13-58
79            android:value="@string/facebook_application_id" />
79-->[com.firebaseui:firebase-ui-auth:7.0.0] AndroidManifest.xml:21:13-60
80
81        <activity
81-->[com.firebaseui:firebase-ui-auth:7.0.0] AndroidManifest.xml:23:9-27:61
82            android:name="com.firebase.ui.auth.KickoffActivity"
82-->[com.firebaseui:firebase-ui-auth:7.0.0] AndroidManifest.xml:24:13-64
83            android:exported="false"
83-->[com.firebaseui:firebase-ui-auth:7.0.0] AndroidManifest.xml:25:13-37
84            android:label=""
84-->[com.firebaseui:firebase-ui-auth:7.0.0] AndroidManifest.xml:26:13-29
85            android:theme="@style/FirebaseUI.Transparent" />
85-->[com.firebaseui:firebase-ui-auth:7.0.0] AndroidManifest.xml:27:13-58
86        <activity
86-->[com.firebaseui:firebase-ui-auth:7.0.0] AndroidManifest.xml:28:9-32:61
87            android:name="com.firebase.ui.auth.ui.idp.SingleSignInActivity"
87-->[com.firebaseui:firebase-ui-auth:7.0.0] AndroidManifest.xml:29:13-76
88            android:exported="false"
88-->[com.firebaseui:firebase-ui-auth:7.0.0] AndroidManifest.xml:30:13-37
89            android:label=""
89-->[com.firebaseui:firebase-ui-auth:7.0.0] AndroidManifest.xml:31:13-29
90            android:theme="@style/FirebaseUI.Transparent" />
90-->[com.firebaseui:firebase-ui-auth:7.0.0] AndroidManifest.xml:32:13-58
91        <activity
91-->[com.firebaseui:firebase-ui-auth:7.0.0] AndroidManifest.xml:33:9-37:61
92            android:name="com.firebase.ui.auth.ui.credentials.CredentialSaveActivity"
92-->[com.firebaseui:firebase-ui-auth:7.0.0] AndroidManifest.xml:34:13-86
93            android:exported="false"
93-->[com.firebaseui:firebase-ui-auth:7.0.0] AndroidManifest.xml:35:13-37
94            android:label=""
94-->[com.firebaseui:firebase-ui-auth:7.0.0] AndroidManifest.xml:36:13-29
95            android:theme="@style/FirebaseUI.Transparent" />
95-->[com.firebaseui:firebase-ui-auth:7.0.0] AndroidManifest.xml:37:13-58
96        <activity
96-->[com.firebaseui:firebase-ui-auth:7.0.0] AndroidManifest.xml:38:9-42:58
97            android:name="com.firebase.ui.auth.ui.email.RecoverPasswordActivity"
97-->[com.firebaseui:firebase-ui-auth:7.0.0] AndroidManifest.xml:39:13-81
98            android:exported="false"
98-->[com.firebaseui:firebase-ui-auth:7.0.0] AndroidManifest.xml:40:13-37
99            android:label="@string/fui_title_recover_password_activity"
99-->[com.firebaseui:firebase-ui-auth:7.0.0] AndroidManifest.xml:41:13-72
100            android:windowSoftInputMode="adjustResize" />
100-->[com.firebaseui:firebase-ui-auth:7.0.0] AndroidManifest.xml:42:13-55
101        <activity
101-->[com.firebaseui:firebase-ui-auth:7.0.0] AndroidManifest.xml:43:9-47:58
102            android:name="com.firebase.ui.auth.ui.email.EmailActivity"
102-->[com.firebaseui:firebase-ui-auth:7.0.0] AndroidManifest.xml:44:13-71
103            android:exported="false"
103-->[com.firebaseui:firebase-ui-auth:7.0.0] AndroidManifest.xml:45:13-37
104            android:label="@string/fui_sign_in_default"
104-->[com.firebaseui:firebase-ui-auth:7.0.0] AndroidManifest.xml:46:13-56
105            android:windowSoftInputMode="adjustResize" />
105-->[com.firebaseui:firebase-ui-auth:7.0.0] AndroidManifest.xml:47:13-55
106        <activity
106-->[com.firebaseui:firebase-ui-auth:7.0.0] AndroidManifest.xml:48:9-52:77
107            android:name="com.firebase.ui.auth.ui.phone.PhoneActivity"
107-->[com.firebaseui:firebase-ui-auth:7.0.0] AndroidManifest.xml:49:13-71
108            android:exported="false"
108-->[com.firebaseui:firebase-ui-auth:7.0.0] AndroidManifest.xml:50:13-37
109            android:label="@string/fui_sign_in_with_phone_number"
109-->[com.firebaseui:firebase-ui-auth:7.0.0] AndroidManifest.xml:51:13-66
110            android:windowSoftInputMode="adjustResize|stateAlwaysVisible" />
110-->[com.firebaseui:firebase-ui-auth:7.0.0] AndroidManifest.xml:52:13-74
111        <activity
111-->[com.firebaseui:firebase-ui-auth:7.0.0] AndroidManifest.xml:53:9-57:58
112            android:name="com.firebase.ui.auth.ui.idp.WelcomeBackIdpPrompt"
112-->[com.firebaseui:firebase-ui-auth:7.0.0] AndroidManifest.xml:54:13-76
113            android:exported="false"
113-->[com.firebaseui:firebase-ui-auth:7.0.0] AndroidManifest.xml:55:13-37
114            android:label="@string/fui_title_welcome_back_idp_prompt"
114-->[com.firebaseui:firebase-ui-auth:7.0.0] AndroidManifest.xml:56:13-70
115            android:windowSoftInputMode="adjustResize" />
115-->[com.firebaseui:firebase-ui-auth:7.0.0] AndroidManifest.xml:57:13-55
116        <activity
116-->[com.firebaseui:firebase-ui-auth:7.0.0] AndroidManifest.xml:58:9-62:58
117            android:name="com.firebase.ui.auth.ui.email.WelcomeBackPasswordPrompt"
117-->[com.firebaseui:firebase-ui-auth:7.0.0] AndroidManifest.xml:59:13-83
118            android:exported="false"
118-->[com.firebaseui:firebase-ui-auth:7.0.0] AndroidManifest.xml:60:13-37
119            android:label="@string/fui_title_welcome_back_password_prompt"
119-->[com.firebaseui:firebase-ui-auth:7.0.0] AndroidManifest.xml:61:13-75
120            android:windowSoftInputMode="adjustResize" />
120-->[com.firebaseui:firebase-ui-auth:7.0.0] AndroidManifest.xml:62:13-55
121        <activity
121-->[com.firebaseui:firebase-ui-auth:7.0.0] AndroidManifest.xml:63:9-67:58
122            android:name="com.firebase.ui.auth.ui.email.WelcomeBackEmailLinkPrompt"
122-->[com.firebaseui:firebase-ui-auth:7.0.0] AndroidManifest.xml:64:13-84
123            android:exported="false"
123-->[com.firebaseui:firebase-ui-auth:7.0.0] AndroidManifest.xml:65:13-37
124            android:label="@string/fui_title_welcome_back_password_prompt"
124-->[com.firebaseui:firebase-ui-auth:7.0.0] AndroidManifest.xml:66:13-75
125            android:windowSoftInputMode="adjustResize" />
125-->[com.firebaseui:firebase-ui-auth:7.0.0] AndroidManifest.xml:67:13-55
126        <activity
126-->[com.firebaseui:firebase-ui-auth:7.0.0] AndroidManifest.xml:68:9-73:58
127            android:name="com.firebase.ui.auth.ui.email.EmailLinkCatcherActivity"
127-->[com.firebaseui:firebase-ui-auth:7.0.0] AndroidManifest.xml:69:13-82
128            android:exported="false"
128-->[com.firebaseui:firebase-ui-auth:7.0.0] AndroidManifest.xml:70:13-37
129            android:label=""
129-->[com.firebaseui:firebase-ui-auth:7.0.0] AndroidManifest.xml:71:13-29
130            android:theme="@style/FirebaseUI.Transparent"
130-->[com.firebaseui:firebase-ui-auth:7.0.0] AndroidManifest.xml:72:13-58
131            android:windowSoftInputMode="adjustResize" />
131-->[com.firebaseui:firebase-ui-auth:7.0.0] AndroidManifest.xml:73:13-55
132        <activity
132-->[com.firebaseui:firebase-ui-auth:7.0.0] AndroidManifest.xml:74:9-78:58
133            android:name="com.firebase.ui.auth.ui.email.EmailLinkErrorRecoveryActivity"
133-->[com.firebaseui:firebase-ui-auth:7.0.0] AndroidManifest.xml:75:13-88
134            android:exported="false"
134-->[com.firebaseui:firebase-ui-auth:7.0.0] AndroidManifest.xml:76:13-37
135            android:label="@string/fui_sign_in_default"
135-->[com.firebaseui:firebase-ui-auth:7.0.0] AndroidManifest.xml:77:13-56
136            android:windowSoftInputMode="adjustResize" />
136-->[com.firebaseui:firebase-ui-auth:7.0.0] AndroidManifest.xml:78:13-55
137        <activity
137-->[com.firebaseui:firebase-ui-auth:7.0.0] AndroidManifest.xml:79:9-82:65
138            android:name="com.firebase.ui.auth.ui.idp.AuthMethodPickerActivity"
138-->[com.firebaseui:firebase-ui-auth:7.0.0] AndroidManifest.xml:80:13-80
139            android:exported="false"
139-->[com.firebaseui:firebase-ui-auth:7.0.0] AndroidManifest.xml:81:13-37
140            android:label="@string/fui_default_toolbar_title" />
140-->[com.firebaseui:firebase-ui-auth:7.0.0] AndroidManifest.xml:82:13-62
141        <activity
141-->[com.firebaseui:firebase-ui-auth:7.0.0] AndroidManifest.xml:83:9-87:48
142            android:name="com.facebook.FacebookActivity"
142-->[com.firebaseui:firebase-ui-auth:7.0.0] AndroidManifest.xml:84:13-57
143            android:configChanges="keyboard|keyboardHidden|screenLayout|screenSize|orientation"
143-->[com.firebaseui:firebase-ui-auth:7.0.0] AndroidManifest.xml:85:13-96
144            android:label="@string/app_name" />
144-->[com.firebaseui:firebase-ui-auth:7.0.0] AndroidManifest.xml:86:13-45
145        <activity
145-->[com.firebaseui:firebase-ui-auth:7.0.0] AndroidManifest.xml:88:9-100:20
146            android:name="com.facebook.CustomTabActivity"
146-->[com.firebaseui:firebase-ui-auth:7.0.0] AndroidManifest.xml:89:13-58
147            android:exported="true" >
147-->[com.firebaseui:firebase-ui-auth:7.0.0] AndroidManifest.xml:90:13-36
148            <intent-filter>
148-->[com.firebaseui:firebase-ui-auth:7.0.0] AndroidManifest.xml:92:13-99:29
149                <action android:name="android.intent.action.VIEW" />
149-->[com.firebaseui:firebase-ui-auth:7.0.0] AndroidManifest.xml:93:17-69
149-->[com.firebaseui:firebase-ui-auth:7.0.0] AndroidManifest.xml:93:25-66
150
151                <category android:name="android.intent.category.DEFAULT" />
151-->[com.firebaseui:firebase-ui-auth:7.0.0] AndroidManifest.xml:95:17-76
151-->[com.firebaseui:firebase-ui-auth:7.0.0] AndroidManifest.xml:95:27-73
152                <category android:name="android.intent.category.BROWSABLE" />
152-->[com.firebaseui:firebase-ui-auth:7.0.0] AndroidManifest.xml:96:17-78
152-->[com.firebaseui:firebase-ui-auth:7.0.0] AndroidManifest.xml:96:27-75
153
154                <data android:scheme="@string/facebook_login_protocol_scheme" />
154-->[com.firebaseui:firebase-ui-auth:7.0.0] AndroidManifest.xml:98:17-81
154-->[com.firebaseui:firebase-ui-auth:7.0.0] AndroidManifest.xml:98:23-78
155            </intent-filter>
156        </activity>
157
158        <provider
158-->[com.firebaseui:firebase-ui-auth:7.0.0] AndroidManifest.xml:102:9-106:38
159            android:name="com.firebase.ui.auth.data.client.AuthUiInitProvider"
159-->[com.firebaseui:firebase-ui-auth:7.0.0] AndroidManifest.xml:103:13-79
160            android:authorities="com.cis626.chat.authuiinitprovider"
160-->[com.firebaseui:firebase-ui-auth:7.0.0] AndroidManifest.xml:104:13-70
161            android:exported="false"
161-->[com.firebaseui:firebase-ui-auth:7.0.0] AndroidManifest.xml:105:13-37
162            android:initOrder="90" />
162-->[com.firebaseui:firebase-ui-auth:7.0.0] AndroidManifest.xml:106:13-35
163
164        <activity
164-->[com.google.firebase:firebase-auth:22.3.0] AndroidManifest.xml:29:9-46:20
165            android:name="com.google.firebase.auth.internal.GenericIdpActivity"
165-->[com.google.firebase:firebase-auth:22.3.0] AndroidManifest.xml:30:13-80
166            android:excludeFromRecents="true"
166-->[com.google.firebase:firebase-auth:22.3.0] AndroidManifest.xml:31:13-46
167            android:exported="true"
167-->[com.google.firebase:firebase-auth:22.3.0] AndroidManifest.xml:32:13-36
168            android:launchMode="singleTask"
168-->[com.google.firebase:firebase-auth:22.3.0] AndroidManifest.xml:33:13-44
169            android:theme="@android:style/Theme.Translucent.NoTitleBar" >
169-->[com.google.firebase:firebase-auth:22.3.0] AndroidManifest.xml:34:13-72
170            <intent-filter>
170-->[com.google.firebase:firebase-auth:22.3.0] AndroidManifest.xml:35:13-45:29
171                <action android:name="android.intent.action.VIEW" />
171-->[com.firebaseui:firebase-ui-auth:7.0.0] AndroidManifest.xml:93:17-69
171-->[com.firebaseui:firebase-ui-auth:7.0.0] AndroidManifest.xml:93:25-66
172
173                <category android:name="android.intent.category.DEFAULT" />
173-->[com.firebaseui:firebase-ui-auth:7.0.0] AndroidManifest.xml:95:17-76
173-->[com.firebaseui:firebase-ui-auth:7.0.0] AndroidManifest.xml:95:27-73
174                <category android:name="android.intent.category.BROWSABLE" />
174-->[com.firebaseui:firebase-ui-auth:7.0.0] AndroidManifest.xml:96:17-78
174-->[com.firebaseui:firebase-ui-auth:7.0.0] AndroidManifest.xml:96:27-75
175
176                <data
176-->[com.firebaseui:firebase-ui-auth:7.0.0] AndroidManifest.xml:98:17-81
177                    android:host="firebase.auth"
178                    android:path="/"
179                    android:scheme="genericidp" />
179-->[com.firebaseui:firebase-ui-auth:7.0.0] AndroidManifest.xml:98:23-78
180            </intent-filter>
181        </activity>
182        <activity
182-->[com.google.firebase:firebase-auth:22.3.0] AndroidManifest.xml:47:9-64:20
183            android:name="com.google.firebase.auth.internal.RecaptchaActivity"
183-->[com.google.firebase:firebase-auth:22.3.0] AndroidManifest.xml:48:13-79
184            android:excludeFromRecents="true"
184-->[com.google.firebase:firebase-auth:22.3.0] AndroidManifest.xml:49:13-46
185            android:exported="true"
185-->[com.google.firebase:firebase-auth:22.3.0] AndroidManifest.xml:50:13-36
186            android:launchMode="singleTask"
186-->[com.google.firebase:firebase-auth:22.3.0] AndroidManifest.xml:51:13-44
187            android:theme="@android:style/Theme.Translucent.NoTitleBar" >
187-->[com.google.firebase:firebase-auth:22.3.0] AndroidManifest.xml:52:13-72
188            <intent-filter>
188-->[com.google.firebase:firebase-auth:22.3.0] AndroidManifest.xml:53:13-63:29
189                <action android:name="android.intent.action.VIEW" />
189-->[com.firebaseui:firebase-ui-auth:7.0.0] AndroidManifest.xml:93:17-69
189-->[com.firebaseui:firebase-ui-auth:7.0.0] AndroidManifest.xml:93:25-66
190
191                <category android:name="android.intent.category.DEFAULT" />
191-->[com.firebaseui:firebase-ui-auth:7.0.0] AndroidManifest.xml:95:17-76
191-->[com.firebaseui:firebase-ui-auth:7.0.0] AndroidManifest.xml:95:27-73
192                <category android:name="android.intent.category.BROWSABLE" />
192-->[com.firebaseui:firebase-ui-auth:7.0.0] AndroidManifest.xml:96:17-78
192-->[com.firebaseui:firebase-ui-auth:7.0.0] AndroidManifest.xml:96:27-75
193
194                <data
194-->[com.firebaseui:firebase-ui-auth:7.0.0] AndroidManifest.xml:98:17-81
195                    android:host="firebase.auth"
196                    android:path="/"
197                    android:scheme="recaptcha" />
197-->[com.firebaseui:firebase-ui-auth:7.0.0] AndroidManifest.xml:98:23-78
198            </intent-filter>
199        </activity>
200
201        <service
201-->[com.google.firebase:firebase-auth:22.3.0] AndroidManifest.xml:66:9-72:19
202            android:name="com.google.firebase.components.ComponentDiscoveryService"
202-->[com.google.firebase:firebase-auth:22.3.0] AndroidManifest.xml:67:13-84
203            android:directBootAware="true"
203-->[com.google.firebase:firebase-common:20.4.2] AndroidManifest.xml:32:13-43
204            android:exported="false" >
204-->[com.google.firebase:firebase-auth:22.3.0] AndroidManifest.xml:68:13-37
205            <meta-data
205-->[com.google.firebase:firebase-auth:22.3.0] AndroidManifest.xml:69:13-71:85
206                android:name="com.google.firebase.components:com.google.firebase.auth.FirebaseAuthRegistrar"
206-->[com.google.firebase:firebase-auth:22.3.0] AndroidManifest.xml:70:17-109
207                android:value="com.google.firebase.components.ComponentRegistrar" />
207-->[com.google.firebase:firebase-auth:22.3.0] AndroidManifest.xml:71:17-82
208            <meta-data
208-->[com.google.firebase:firebase-database:20.3.0] AndroidManifest.xml:29:13-31:85
209                android:name="com.google.firebase.components:com.google.firebase.database.FirebaseDatabaseKtxRegistrar"
209-->[com.google.firebase:firebase-database:20.3.0] AndroidManifest.xml:30:17-120
210                android:value="com.google.firebase.components.ComponentRegistrar" />
210-->[com.google.firebase:firebase-database:20.3.0] AndroidManifest.xml:31:17-82
211            <meta-data
211-->[com.google.firebase:firebase-database:20.3.0] AndroidManifest.xml:32:13-34:85
212                android:name="com.google.firebase.components:com.google.firebase.database.DatabaseRegistrar"
212-->[com.google.firebase:firebase-database:20.3.0] AndroidManifest.xml:33:17-109
213                android:value="com.google.firebase.components.ComponentRegistrar" />
213-->[com.google.firebase:firebase-database:20.3.0] AndroidManifest.xml:34:17-82
214            <meta-data
214-->[com.google.firebase:firebase-storage:20.3.0] AndroidManifest.xml:30:13-32:85
215                android:name="com.google.firebase.components:com.google.firebase.storage.FirebaseStorageKtxRegistrar"
215-->[com.google.firebase:firebase-storage:20.3.0] AndroidManifest.xml:31:17-118
216                android:value="com.google.firebase.components.ComponentRegistrar" />
216-->[com.google.firebase:firebase-storage:20.3.0] AndroidManifest.xml:32:17-82
217            <meta-data
217-->[com.google.firebase:firebase-storage:20.3.0] AndroidManifest.xml:33:13-35:85
218                android:name="com.google.firebase.components:com.google.firebase.storage.StorageRegistrar"
218-->[com.google.firebase:firebase-storage:20.3.0] AndroidManifest.xml:34:17-107
219                android:value="com.google.firebase.components.ComponentRegistrar" />
219-->[com.google.firebase:firebase-storage:20.3.0] AndroidManifest.xml:35:17-82
220            <meta-data
220-->[com.google.firebase:firebase-messaging:23.3.1] AndroidManifest.xml:57:13-59:85
221                android:name="com.google.firebase.components:com.google.firebase.messaging.FirebaseMessagingKtxRegistrar"
221-->[com.google.firebase:firebase-messaging:23.3.1] AndroidManifest.xml:58:17-122
222                android:value="com.google.firebase.components.ComponentRegistrar" />
222-->[com.google.firebase:firebase-messaging:23.3.1] AndroidManifest.xml:59:17-82
223            <meta-data
223-->[com.google.firebase:firebase-messaging:23.3.1] AndroidManifest.xml:60:13-62:85
224                android:name="com.google.firebase.components:com.google.firebase.messaging.FirebaseMessagingRegistrar"
224-->[com.google.firebase:firebase-messaging:23.3.1] AndroidManifest.xml:61:17-119
225                android:value="com.google.firebase.components.ComponentRegistrar" />
225-->[com.google.firebase:firebase-messaging:23.3.1] AndroidManifest.xml:62:17-82
226            <meta-data
226-->[com.google.android.gms:play-services-measurement-api:21.5.0] AndroidManifest.xml:37:13-39:85
227                android:name="com.google.firebase.components:com.google.firebase.analytics.connector.internal.AnalyticsConnectorRegistrar"
227-->[com.google.android.gms:play-services-measurement-api:21.5.0] AndroidManifest.xml:38:17-139
228                android:value="com.google.firebase.components.ComponentRegistrar" />
228-->[com.google.android.gms:play-services-measurement-api:21.5.0] AndroidManifest.xml:39:17-82
229            <meta-data
229-->[com.google.firebase:firebase-appcheck:17.1.0] AndroidManifest.xml:25:13-27:85
230                android:name="com.google.firebase.components:com.google.firebase.appcheck.FirebaseAppCheckKtxRegistrar"
230-->[com.google.firebase:firebase-appcheck:17.1.0] AndroidManifest.xml:26:17-120
231                android:value="com.google.firebase.components.ComponentRegistrar" />
231-->[com.google.firebase:firebase-appcheck:17.1.0] AndroidManifest.xml:27:17-82
232            <meta-data
232-->[com.google.firebase:firebase-appcheck:17.1.0] AndroidManifest.xml:28:13-30:85
233                android:name="com.google.firebase.components:com.google.firebase.appcheck.FirebaseAppCheckRegistrar"
233-->[com.google.firebase:firebase-appcheck:17.1.0] AndroidManifest.xml:29:17-117
234                android:value="com.google.firebase.components.ComponentRegistrar" />
234-->[com.google.firebase:firebase-appcheck:17.1.0] AndroidManifest.xml:30:17-82
235            <meta-data
235-->[com.google.firebase:firebase-installations:17.2.0] AndroidManifest.xml:15:13-17:85
236                android:name="com.google.firebase.components:com.google.firebase.installations.FirebaseInstallationsKtxRegistrar"
236-->[com.google.firebase:firebase-installations:17.2.0] AndroidManifest.xml:16:17-130
237                android:value="com.google.firebase.components.ComponentRegistrar" />
237-->[com.google.firebase:firebase-installations:17.2.0] AndroidManifest.xml:17:17-82
238            <meta-data
238-->[com.google.firebase:firebase-installations:17.2.0] AndroidManifest.xml:18:13-20:85
239                android:name="com.google.firebase.components:com.google.firebase.installations.FirebaseInstallationsRegistrar"
239-->[com.google.firebase:firebase-installations:17.2.0] AndroidManifest.xml:19:17-127
240                android:value="com.google.firebase.components.ComponentRegistrar" />
240-->[com.google.firebase:firebase-installations:17.2.0] AndroidManifest.xml:20:17-82
241            <meta-data
241-->[com.google.firebase:firebase-common-ktx:20.4.2] AndroidManifest.xml:12:13-14:85
242                android:name="com.google.firebase.components:com.google.firebase.ktx.FirebaseCommonLegacyRegistrar"
242-->[com.google.firebase:firebase-common-ktx:20.4.2] AndroidManifest.xml:13:17-116
243                android:value="com.google.firebase.components.ComponentRegistrar" />
243-->[com.google.firebase:firebase-common-ktx:20.4.2] AndroidManifest.xml:14:17-82
244            <meta-data
244-->[com.google.firebase:firebase-common:20.4.2] AndroidManifest.xml:35:13-37:85
245                android:name="com.google.firebase.components:com.google.firebase.FirebaseCommonKtxRegistrar"
245-->[com.google.firebase:firebase-common:20.4.2] AndroidManifest.xml:36:17-109
246                android:value="com.google.firebase.components.ComponentRegistrar" />
246-->[com.google.firebase:firebase-common:20.4.2] AndroidManifest.xml:37:17-82
247            <meta-data
247-->[com.google.firebase:firebase-datatransport:18.1.7] AndroidManifest.xml:27:13-29:85